<?xml version="1.0" encoding="UTF-8"?>
<testng-results skipped="0" failed="0" ignored="0" total="1" passed="1">
  <reporter-output>
  </reporter-output>
  <suite name="Default suite" duration-ms="12228" started-at="2020-02-12T21:04:04 AEDT" finished-at="2020-02-12T21:04:16 AEDT">
    <groups>
    </groups>
    <test name="Default test" duration-ms="12228" started-at="2020-02-12T21:04:04 AEDT" finished-at="2020-02-12T21:04:16 AEDT">
      <class name="test.TheInternetHerokuappComPageTest">
        <test-method status="PASS" signature="setupTest()[pri:0, instance:test.TheInternetHerokuappComPageTest@d44fc21]" name="setupTest" is-config="true" duration-ms="4636" started-at="2020-02-12T21:04:04 AEDT" finished-at="2020-02-12T21:04:09 AEDT">
          <reporter-output>
          </reporter-output>
        </test-method> <!-- setupTest -->
        <test-method status="PASS" signature="theinternetherokuapppage()[pri:0, instance:test.TheInternetHerokuappComPageTest@d44fc21]" name="theinternetherokuapppage" duration-ms="6218" started-at="2020-02-12T21:04:09 AEDT" finished-at="2020-02-12T21:04:15 AEDT">
          <reporter-output>
          </reporter-output>
        </test-method> <!-- theinternetherokuapppage -->
        <test-method status="PASS" signature="teardownTest()[pri:0, instance:test.TheInternetHerokuappComPageTest@d44fc21]" name="teardownTest" is-config="true" duration-ms="1242" started-at="2020-02-12T21:04:15 AEDT" finished-at="2020-02-12T21:04:16 AEDT">
          <reporter-output>
          </reporter-output>
        </test-method> <!-- teardownTest -->
      </class> <!-- test.TheInternetHerokuappComPageTest -->
    </test> <!-- Default test -->
  </suite> <!-- Default suite -->
</testng-results>
